<?xml version="1.0" encoding="UTF-8"?>
<!-- Generated by org.testng.reporters.JUnitReportReporter -->
<testsuite hostname="SONY" failures="0" tests="2" name="tests.wikiPediaTest" time="4.006" errors="0" timestamp="2022-05-21T08:45:40 IST" skipped="1">
  <testcase classname="tests.wikiPediaTest" name="foreginPlayer" time="4.006"/>
  <testcase classname="tests.wikiPediaTest" name="foreginPlayers">
    <skipped/>
  </testcase> <!-- foreginPlayers -->
</testsuite> <!-- tests.wikiPediaTest -->
